<?xml version="1.0" encoding="UTF-8"?>
<coverage generated="1761728836635" clover="3.2.0">
  <project timestamp="1761728836635" name="All files">
    <metrics statements="58" coveredstatements="43" conditionals="44" coveredconditionals="26" methods="14" coveredmethods="12" elements="116" coveredelements="81" complexity="0" loc="58" ncloc="58" packages="2" files="5" classes="5"/>
    <package name="src">
      <metrics statements="23" coveredstatements="22" conditionals="19" coveredconditionals="15" methods="4" coveredmethods="4"/>
      <file name="genDiff.js" path="/Users/timofey/qa-auto-engineer-javascript-project-87/src/genDiff.js">
        <metrics statements="23" coveredstatements="22" conditionals="19" coveredconditionals="15" methods="4" coveredmethods="4"/>
        <line num="7" count="4" type="stmt"/>
        <line num="8" count="8" type="stmt"/>
        <line num="9" count="8" type="stmt"/>
        <line num="10" count="8" type="stmt"/>
        <line num="11" count="8" type="cond" truecount="3" falsecount="1"/>
        <line num="13" count="4" type="stmt"/>
        <line num="16" count="4" type="stmt"/>
        <line num="18" count="0" type="stmt"/>
        <line num="22" count="4" type="stmt"/>
        <line num="23" count="4" type="stmt"/>
        <line num="24" count="4" type="stmt"/>
        <line num="25" count="15" type="stmt"/>
        <line num="26" count="15" type="stmt"/>
        <line num="27" count="15" type="cond" truecount="4" falsecount="0"/>
        <line num="28" count="11" type="cond" truecount="4" falsecount="0"/>
        <line num="29" count="8" type="cond" truecount="2" falsecount="0"/>
        <line num="30" count="4" type="cond" truecount="2" falsecount="2"/>
        <line num="31" count="4" type="stmt"/>
        <line num="35" count="4" type="cond" truecount="0" falsecount="1"/>
        <line num="36" count="4" type="stmt"/>
        <line num="37" count="4" type="stmt"/>
        <line num="38" count="4" type="stmt"/>
        <line num="39" count="4" type="stmt"/>
      </file>
    </package>
    <package name="src.formatters">
      <metrics statements="35" coveredstatements="21" conditionals="25" coveredconditionals="11" methods="10" coveredmethods="8"/>
      <file name="index.js" path="/Users/timofey/qa-auto-engineer-javascript-project-87/src/formatters/index.js">
        <metrics statements="0" coveredstatements="0" conditionals="0" coveredconditionals="0" methods="0" coveredmethods="0"/>
      </file>
      <file name="json.js" path="/Users/timofey/qa-auto-engineer-javascript-project-87/src/formatters/json.js">
        <metrics statements="9" coveredstatements="6" conditionals="6" coveredconditionals="3" methods="3" coveredmethods="3"/>
        <line num="1" count="4" type="stmt"/>
        <line num="2" count="5" type="cond" truecount="3" falsecount="3"/>
        <line num="4" count="2" type="stmt"/>
        <line num="6" count="1" type="stmt"/>
        <line num="8" count="0" type="stmt"/>
        <line num="10" count="2" type="stmt"/>
        <line num="12" count="0" type="stmt"/>
        <line num="14" count="0" type="stmt"/>
        <line num="18" count="4" type="stmt"/>
      </file>
      <file name="plain.js" path="/Users/timofey/qa-auto-engineer-javascript-project-87/src/formatters/plain.js">
        <metrics statements="16" coveredstatements="14" conditionals="14" coveredconditionals="8" methods="5" coveredmethods="5"/>
        <line num="1" count="4" type="stmt"/>
        <line num="2" count="2" type="cond" truecount="1" falsecount="0"/>
        <line num="3" count="2" type="stmt"/>
        <line num="4" count="10" type="stmt"/>
        <line num="6" count="8" type="cond" truecount="1" falsecount="1"/>
        <line num="7" count="8" type="cond" truecount="3" falsecount="2"/>
        <line num="9" count="2" type="stmt"/>
        <line num="11" count="4" type="stmt"/>
        <line num="13" count="2" type="stmt"/>
        <line num="15" count="0" type="stmt"/>
        <line num="17" count="0" type="stmt"/>
        <line num="24" count="2" type="stmt"/>
        <line num="25" count="6" type="cond" truecount="2" falsecount="2"/>
        <line num="26" count="6" type="cond" truecount="1" falsecount="1"/>
        <line num="27" count="6" type="stmt"/>
        <line num="30" count="2" type="stmt"/>
      </file>
      <file name="stylish.js" path="/Users/timofey/qa-auto-engineer-javascript-project-87/src/formatters/stylish.js">
        <metrics statements="10" coveredstatements="1" conditionals="5" coveredconditionals="0" methods="2" coveredmethods="0"/>
        <line num="1" count="4" type="stmt"/>
        <line num="2" count="0" type="stmt"/>
        <line num="3" count="0" type="stmt"/>
        <line num="4" count="0" type="cond" truecount="0" falsecount="5"/>
        <line num="6" count="0" type="stmt"/>
        <line num="8" count="0" type="stmt"/>
        <line num="10" count="0" type="stmt"/>
        <line num="12" count="0" type="stmt"/>
        <line num="14" count="0" type="stmt"/>
        <line num="17" count="0" type="stmt"/>
      </file>
    </package>
  </project>
</coverage>
