{"/Users/timofey/qa-auto-engineer-javascript-project-87/src/genDiff.js": {"path":"/Users/timofey/qa-auto-engineer-javascript-project-87/src/genDiff.js","statementMap":{"0":{"start":{"line":7,"column":14},"end":{"line":20,"column":1}},"1":{"start":{"line":8,"column":19},"end":{"line":8,"column":56}},"2":{"start":{"line":9,"column":14},"end":{"line":9,"column":50}},"3":{"start":{"line":10,"column":15},"end":{"line":10,"column":49}},"4":{"start":{"line":11,"column":2},"end":{"line":19,"column":3}},"5":{"start":{"line":13,"column":6},"end":{"line":13,"column":29}},"6":{"start":{"line":16,"column":6},"end":{"line":16,"column":28}},"7":{"start":{"line":18,"column":6},"end":{"line":18,"column":56}},"8":{"start":{"line":22,"column":18},"end":{"line":33,"column":1}},"9":{"start":{"line":23,"column":15},"end":{"line":23,"column":70}},"10":{"start":{"line":24,"column":2},"end":{"line":32,"column":4}},"11":{"start":{"line":25,"column":16},"end":{"line":25,"column":40}},"12":{"start":{"line":26,"column":16},"end":{"line":26,"column":40}},"13":{"start":{"line":27,"column":4},"end":{"line":27,"column":70}},"14":{"start":{"line":27,"column":21},"end":{"line":27,"column":70}},"15":{"start":{"line":28,"column":4},"end":{"line":28,"column":68}},"16":{"start":{"line":28,"column":21},"end":{"line":28,"column":68}},"17":{"start":{"line":29,"column":4},"end":{"line":29,"column":92}},"18":{"start":{"line":29,"column":41},"end":{"line":29,"column":92}},"19":{"start":{"line":30,"column":4},"end":{"line":30,"column":129}},"20":{"start":{"line":30,"column":56},"end":{"line":30,"column":129}},"21":{"start":{"line":31,"column":4},"end":{"line":31,"column":74}},"22":{"start":{"line":35,"column":16},"end":{"line":40,"column":1}},"23":{"start":{"line":36,"column":15},"end":{"line":36,"column":31}},"24":{"start":{"line":37,"column":15},"end":{"line":37,"column":31}},"25":{"start":{"line":38,"column":15},"end":{"line":38,"column":36}},"26":{"start":{"line":39,"column":2},"end":{"line":39,"column":33}}},"fnMap":{"0":{"name":"(anonymous_0)","decl":{"start":{"line":7,"column":14},"end":{"line":7,"column":15}},"loc":{"start":{"line":7,"column":26},"end":{"line":20,"column":1}},"line":7},"1":{"name":"(anonymous_1)","decl":{"start":{"line":22,"column":18},"end":{"line":22,"column":19}},"loc":{"start":{"line":22,"column":34},"end":{"line":33,"column":1}},"line":22},"2":{"name":"(anonymous_2)","decl":{"start":{"line":24,"column":18},"end":{"line":24,"column":19}},"loc":{"start":{"line":24,"column":25},"end":{"line":32,"column":3}},"line":24},"3":{"name":"(anonymous_3)","decl":{"start":{"line":35,"column":16},"end":{"line":35,"column":17}},"loc":{"start":{"line":35,"column":62},"end":{"line":40,"column":1}},"line":35}},"branchMap":{"0":{"loc":{"start":{"line":11,"column":2},"end":{"line":19,"column":3}},"type":"switch","locations":[{"start":{"line":12,"column":4},"end":{"line":13,"column":29}},{"start":{"line":14,"column":4},"end":{"line":14,"column":16}},{"start":{"line":15,"column":4},"end":{"line":16,"column":28}},{"start":{"line":17,"column":4},"end":{"line":18,"column":56}}],"line":11},"1":{"loc":{"start":{"line":27,"column":4},"end":{"line":27,"column":70}},"type":"if","locations":[{"start":{"line":27,"column":4},"end":{"line":27,"column":70}},{"start":{},"end":{}}],"line":27},"2":{"loc":{"start":{"line":27,"column":8},"end":{"line":27,"column":19}},"type":"binary-expr","locations":[{"start":{"line":27,"column":8},"end":{"line":27,"column":11}},{"start":{"line":27,"column":15},"end":{"line":27,"column":19}}],"line":27},"3":{"loc":{"start":{"line":28,"column":4},"end":{"line":28,"column":68}},"type":"if","locations":[{"start":{"line":28,"column":4},"end":{"line":28,"column":68}},{"start":{},"end":{}}],"line":28},"4":{"loc":{"start":{"line":28,"column":8},"end":{"line":28,"column":19}},"type":"binary-expr","locations":[{"start":{"line":28,"column":8},"end":{"line":28,"column":12}},{"start":{"line":28,"column":16},"end":{"line":28,"column":19}}],"line":28},"5":{"loc":{"start":{"line":29,"column":4},"end":{"line":29,"column":92}},"type":"if","locations":[{"start":{"line":29,"column":4},"end":{"line":29,"column":92}},{"start":{},"end":{}}],"line":29},"6":{"loc":{"start":{"line":30,"column":4},"end":{"line":30,"column":129}},"type":"if","locations":[{"start":{"line":30,"column":4},"end":{"line":30,"column":129}},{"start":{},"end":{}}],"line":30},"7":{"loc":{"start":{"line":30,"column":8},"end":{"line":30,"column":54}},"type":"binary-expr","locations":[{"start":{"line":30,"column":8},"end":{"line":30,"column":29}},{"start":{"line":30,"column":33},"end":{"line":30,"column":54}}],"line":30},"8":{"loc":{"start":{"line":35,"column":39},"end":{"line":35,"column":57}},"type":"default-arg","locations":[{"start":{"line":35,"column":48},"end":{"line":35,"column":57}}],"line":35}},"s":{"0":4,"1":8,"2":8,"3":8,"4":8,"5":4,"6":4,"7":0,"8":4,"9":4,"10":4,"11":15,"12":15,"13":15,"14":4,"15":11,"16":3,"17":8,"18":4,"19":4,"20":0,"21":4,"22":4,"23":4,"24":4,"25":4,"26":4},"f":{"0":8,"1":4,"2":15,"3":4},"b":{"0":[4,4,4,0],"1":[4,11],"2":[15,12],"3":[3,8],"4":[11,3],"5":[4,4],"6":[0,4],"7":[4,0],"8":[0]},"_coverageSchema":"1a1c01bbd47fc00a2c39e90264f33305004495a9","hash":"be441f12e5693a695a3375d311423254295e04cc"}
,"/Users/timofey/qa-auto-engineer-javascript-project-87/src/formatters/index.js": {"path":"/Users/timofey/qa-auto-engineer-javascript-project-87/src/formatters/index.js","statementMap":{},"fnMap":{},"branchMap":{},"s":{},"f":{},"b":{},"_coverageSchema":"1a1c01bbd47fc00a2c39e90264f33305004495a9","hash":"0f0b4fd229bda5a51b57f99b67aaca616f628349"}
,"/Users/timofey/qa-auto-engineer-javascript-project-87/src/formatters/json.js": {"path":"/Users/timofey/qa-auto-engineer-javascript-project-87/src/formatters/json.js","statementMap":{"0":{"start":{"line":1,"column":18},"end":{"line":16,"column":2}},"1":{"start":{"line":1,"column":28},"end":{"line":16,"column":2}},"2":{"start":{"line":2,"column":2},"end":{"line":15,"column":3}},"3":{"start":{"line":4,"column":6},"end":{"line":4,"column":68}},"4":{"start":{"line":6,"column":6},"end":{"line":6,"column":64}},"5":{"start":{"line":8,"column":6},"end":{"line":8,"column":66}},"6":{"start":{"line":10,"column":6},"end":{"line":10,"column":94}},"7":{"start":{"line":12,"column":6},"end":{"line":12,"column":82}},"8":{"start":{"line":14,"column":6},"end":{"line":14,"column":17}},"9":{"start":{"line":18,"column":13},"end":{"line":18,"column":63}},"10":{"start":{"line":18,"column":23},"end":{"line":18,"column":63}}},"fnMap":{"0":{"name":"(anonymous_0)","decl":{"start":{"line":1,"column":18},"end":{"line":1,"column":19}},"loc":{"start":{"line":1,"column":28},"end":{"line":16,"column":2}},"line":1},"1":{"name":"(anonymous_1)","decl":{"start":{"line":1,"column":37},"end":{"line":1,"column":38}},"loc":{"start":{"line":1,"column":45},"end":{"line":16,"column":1}},"line":1},"2":{"name":"(anonymous_2)","decl":{"start":{"line":18,"column":13},"end":{"line":18,"column":14}},"loc":{"start":{"line":18,"column":23},"end":{"line":18,"column":63}},"line":18}},"branchMap":{"0":{"loc":{"start":{"line":2,"column":2},"end":{"line":15,"column":3}},"type":"switch","locations":[{"start":{"line":3,"column":4},"end":{"line":4,"column":68}},{"start":{"line":5,"column":4},"end":{"line":6,"column":64}},{"start":{"line":7,"column":4},"end":{"line":8,"column":66}},{"start":{"line":9,"column":4},"end":{"line":10,"column":94}},{"start":{"line":11,"column":4},"end":{"line":12,"column":82}},{"start":{"line":13,"column":4},"end":{"line":14,"column":17}}],"line":2}},"s":{"0":4,"1":2,"2":5,"3":2,"4":1,"5":0,"6":2,"7":0,"8":0,"9":4,"10":2},"f":{"0":2,"1":5,"2":2},"b":{"0":[2,1,0,2,0,0]},"_coverageSchema":"1a1c01bbd47fc00a2c39e90264f33305004495a9","hash":"71908eb15ed8f1f0c383bcd9f559be5b27b9ee59"}
,"/Users/timofey/qa-auto-engineer-javascript-project-87/src/formatters/plain.js": {"path":"/Users/timofey/qa-auto-engineer-javascript-project-87/src/formatters/plain.js","statementMap":{"0":{"start":{"line":1,"column":14},"end":{"line":31,"column":1}},"1":{"start":{"line":2,"column":15},"end":{"line":22,"column":3}},"2":{"start":{"line":3,"column":4},"end":{"line":21,"column":17}},"3":{"start":{"line":4,"column":22},"end":{"line":4,"column":47}},"4":{"start":{"line":6,"column":25},"end":{"line":6,"column":64}},"5":{"start":{"line":7,"column":8},"end":{"line":18,"column":9}},"6":{"start":{"line":9,"column":12},"end":{"line":9,"column":92}},"7":{"start":{"line":11,"column":12},"end":{"line":11,"column":55}},"8":{"start":{"line":13,"column":12},"end":{"line":13,"column":121}},"9":{"start":{"line":15,"column":12},"end":{"line":15,"column":48}},"10":{"start":{"line":17,"column":12},"end":{"line":17,"column":21}},"11":{"start":{"line":24,"column":22},"end":{"line":28,"column":3}},"12":{"start":{"line":25,"column":4},"end":{"line":25,"column":73}},"13":{"start":{"line":25,"column":49},"end":{"line":25,"column":73}},"14":{"start":{"line":26,"column":4},"end":{"line":26,"column":50}},"15":{"start":{"line":26,"column":33},"end":{"line":26,"column":50}},"16":{"start":{"line":27,"column":4},"end":{"line":27,"column":14}},"17":{"start":{"line":30,"column":2},"end":{"line":30,"column":19}}},"fnMap":{"0":{"name":"(anonymous_0)","decl":{"start":{"line":1,"column":14},"end":{"line":1,"column":15}},"loc":{"start":{"line":1,"column":24},"end":{"line":31,"column":1}},"line":1},"1":{"name":"(anonymous_1)","decl":{"start":{"line":2,"column":15},"end":{"line":2,"column":16}},"loc":{"start":{"line":2,"column":36},"end":{"line":22,"column":3}},"line":2},"2":{"name":"(anonymous_2)","decl":{"start":{"line":4,"column":14},"end":{"line":4,"column":15}},"loc":{"start":{"line":4,"column":22},"end":{"line":4,"column":47}},"line":4},"3":{"name":"(anonymous_3)","decl":{"start":{"line":5,"column":11},"end":{"line":5,"column":12}},"loc":{"start":{"line":5,"column":19},"end":{"line":19,"column":7}},"line":5},"4":{"name":"(anonymous_4)","decl":{"start":{"line":24,"column":22},"end":{"line":24,"column":23}},"loc":{"start":{"line":24,"column":31},"end":{"line":28,"column":3}},"line":24}},"branchMap":{"0":{"loc":{"start":{"line":2,"column":22},"end":{"line":2,"column":31}},"type":"default-arg","locations":[{"start":{"line":2,"column":29},"end":{"line":2,"column":31}}],"line":2},"1":{"loc":{"start":{"line":6,"column":25},"end":{"line":6,"column":64}},"type":"cond-expr","locations":[{"start":{"line":6,"column":32},"end":{"line":6,"column":53}},{"start":{"line":6,"column":56},"end":{"line":6,"column":64}}],"line":6},"2":{"loc":{"start":{"line":7,"column":8},"end":{"line":18,"column":9}},"type":"switch","locations":[{"start":{"line":8,"column":10},"end":{"line":9,"column":92}},{"start":{"line":10,"column":10},"end":{"line":11,"column":55}},{"start":{"line":12,"column":10},"end":{"line":13,"column":121}},{"start":{"line":14,"column":10},"end":{"line":15,"column":48}},{"start":{"line":16,"column":10},"end":{"line":17,"column":21}}],"line":7},"3":{"loc":{"start":{"line":25,"column":4},"end":{"line":25,"column":73}},"type":"if","locations":[{"start":{"line":25,"column":4},"end":{"line":25,"column":73}},{"start":{},"end":{}}],"line":25},"4":{"loc":{"start":{"line":25,"column":8},"end":{"line":25,"column":47}},"type":"binary-expr","locations":[{"start":{"line":25,"column":8},"end":{"line":25,"column":31}},{"start":{"line":25,"column":35},"end":{"line":25,"column":47}}],"line":25},"5":{"loc":{"start":{"line":26,"column":4},"end":{"line":26,"column":50}},"type":"if","locations":[{"start":{"line":26,"column":4},"end":{"line":26,"column":50}},{"start":{},"end":{}}],"line":26}},"s":{"0":4,"1":2,"2":2,"3":10,"4":8,"5":8,"6":2,"7":4,"8":2,"9":0,"10":0,"11":2,"12":6,"13":0,"14":6,"15":0,"16":6,"17":2},"f":{"0":2,"1":2,"2":10,"3":8,"4":6},"b":{"0":[2],"1":[0,8],"2":[2,4,2,0,0],"3":[0,6],"4":[6,0],"5":[0,6]},"_coverageSchema":"1a1c01bbd47fc00a2c39e90264f33305004495a9","hash":"91a9a026e2dead6149d943cd0b522c56d5152074"}
,"/Users/timofey/qa-auto-engineer-javascript-project-87/src/formatters/stylish.js": {"path":"/Users/timofey/qa-auto-engineer-javascript-project-87/src/formatters/stylish.js","statementMap":{"0":{"start":{"line":1,"column":16},"end":{"line":18,"column":1}},"1":{"start":{"line":2,"column":16},"end":{"line":16,"column":20}},"2":{"start":{"line":3,"column":53},"end":{"line":3,"column":57}},"3":{"start":{"line":4,"column":4},"end":{"line":15,"column":5}},"4":{"start":{"line":6,"column":8},"end":{"line":6,"column":81}},"5":{"start":{"line":8,"column":8},"end":{"line":8,"column":46}},"6":{"start":{"line":10,"column":8},"end":{"line":10,"column":111}},"7":{"start":{"line":12,"column":8},"end":{"line":12,"column":17}},"8":{"start":{"line":14,"column":8},"end":{"line":14,"column":17}},"9":{"start":{"line":17,"column":2},"end":{"line":17,"column":25}}},"fnMap":{"0":{"name":"(anonymous_0)","decl":{"start":{"line":1,"column":16},"end":{"line":1,"column":17}},"loc":{"start":{"line":1,"column":26},"end":{"line":18,"column":1}},"line":1},"1":{"name":"(anonymous_1)","decl":{"start":{"line":2,"column":25},"end":{"line":2,"column":26}},"loc":{"start":{"line":2,"column":35},"end":{"line":16,"column":3}},"line":2}},"branchMap":{"0":{"loc":{"start":{"line":4,"column":4},"end":{"line":15,"column":5}},"type":"switch","locations":[{"start":{"line":5,"column":6},"end":{"line":6,"column":81}},{"start":{"line":7,"column":6},"end":{"line":8,"column":46}},{"start":{"line":9,"column":6},"end":{"line":10,"column":111}},{"start":{"line":11,"column":6},"end":{"line":12,"column":17}},{"start":{"line":13,"column":6},"end":{"line":14,"column":17}}],"line":4}},"s":{"0":4,"1":0,"2":0,"3":0,"4":0,"5":0,"6":0,"7":0,"8":0,"9":0},"f":{"0":0,"1":0},"b":{"0":[0,0,0,0,0]},"_coverageSchema":"1a1c01bbd47fc00a2c39e90264f33305004495a9","hash":"98789a5ff29e65a21592baa3498cf374aa161c81"}
}
