{"/Users/timofey/qa-auto-engineer-javascript-project-87/src/genDiff.js": {"path":"/Users/timofey/qa-auto-engineer-javascript-project-87/src/genDiff.js","statementMap":{"0":{"start":{"line":8,"column":18},"end":{"line":15,"column":1}},"1":{"start":{"line":9,"column":19},"end":{"line":9,"column":56}},"2":{"start":{"line":10,"column":14},"end":{"line":10,"column":36}},"3":{"start":{"line":11,"column":15},"end":{"line":11,"column":49}},"4":{"start":{"line":13,"column":2},"end":{"line":13,"column":46}},"5":{"start":{"line":13,"column":23},"end":{"line":13,"column":46}},"6":{"start":{"line":14,"column":2},"end":{"line":14,"column":52}},"7":{"start":{"line":18,"column":16},"end":{"line":40,"column":1}},"8":{"start":{"line":19,"column":15},"end":{"line":19,"column":35}},"9":{"start":{"line":20,"column":15},"end":{"line":20,"column":35}},"10":{"start":{"line":22,"column":15},"end":{"line":22,"column":70}},"11":{"start":{"line":24,"column":16},"end":{"line":37,"column":4}},"12":{"start":{"line":25,"column":16},"end":{"line":25,"column":40}},"13":{"start":{"line":26,"column":16},"end":{"line":26,"column":40}},"14":{"start":{"line":28,"column":4},"end":{"line":31,"column":5}},"15":{"start":{"line":29,"column":6},"end":{"line":29,"column":76}},"16":{"start":{"line":29,"column":43},"end":{"line":29,"column":76}},"17":{"start":{"line":30,"column":6},"end":{"line":30,"column":69}},"18":{"start":{"line":33,"column":4},"end":{"line":33,"column":46}},"19":{"start":{"line":33,"column":13},"end":{"line":33,"column":46}},"20":{"start":{"line":34,"column":4},"end":{"line":34,"column":46}},"21":{"start":{"line":34,"column":13},"end":{"line":34,"column":46}},"22":{"start":{"line":36,"column":4},"end":{"line":36,"column":13}},"23":{"start":{"line":39,"column":2},"end":{"line":39,"column":36}}},"fnMap":{"0":{"name":"(anonymous_0)","decl":{"start":{"line":8,"column":18},"end":{"line":8,"column":19}},"loc":{"start":{"line":8,"column":32},"end":{"line":15,"column":1}},"line":8},"1":{"name":"(anonymous_1)","decl":{"start":{"line":18,"column":16},"end":{"line":18,"column":17}},"loc":{"start":{"line":18,"column":42},"end":{"line":40,"column":1}},"line":18},"2":{"name":"(anonymous_2)","decl":{"start":{"line":24,"column":29},"end":{"line":24,"column":30}},"loc":{"start":{"line":24,"column":38},"end":{"line":37,"column":3}},"line":24}},"branchMap":{"0":{"loc":{"start":{"line":13,"column":2},"end":{"line":13,"column":46}},"type":"if","locations":[{"start":{"line":13,"column":2},"end":{"line":13,"column":46}},{"start":{},"end":{}}],"line":13},"1":{"loc":{"start":{"line":28,"column":4},"end":{"line":31,"column":5}},"type":"if","locations":[{"start":{"line":28,"column":4},"end":{"line":31,"column":5}},{"start":{},"end":{}}],"line":28},"2":{"loc":{"start":{"line":28,"column":8},"end":{"line":28,"column":18}},"type":"binary-expr","locations":[{"start":{"line":28,"column":8},"end":{"line":28,"column":11}},{"start":{"line":28,"column":15},"end":{"line":28,"column":18}}],"line":28},"3":{"loc":{"start":{"line":29,"column":6},"end":{"line":29,"column":76}},"type":"if","locations":[{"start":{"line":29,"column":6},"end":{"line":29,"column":76}},{"start":{},"end":{}}],"line":29},"4":{"loc":{"start":{"line":33,"column":4},"end":{"line":33,"column":46}},"type":"if","locations":[{"start":{"line":33,"column":4},"end":{"line":33,"column":46}},{"start":{},"end":{}}],"line":33},"5":{"loc":{"start":{"line":34,"column":4},"end":{"line":34,"column":46}},"type":"if","locations":[{"start":{"line":34,"column":4},"end":{"line":34,"column":46}},{"start":{},"end":{}}],"line":34}},"s":{"0":1,"1":2,"2":2,"3":2,"4":2,"5":2,"6":0,"7":1,"8":1,"9":1,"10":1,"11":1,"12":3,"13":3,"14":3,"15":2,"16":1,"17":1,"18":1,"19":0,"20":1,"21":1,"22":0,"23":1},"f":{"0":2,"1":1,"2":3},"b":{"0":[2,0],"1":[2,1],"2":[3,2],"3":[1,1],"4":[0,1],"5":[1,0]},"_coverageSchema":"1a1c01bbd47fc00a2c39e90264f33305004495a9","hash":"8ed174911fa87523b001a6ecebfcc68d67508283"}
}
