TN:
SF:src/genDiff.js
FN:7,(anonymous_0)
FN:22,(anonymous_1)
FN:24,(anonymous_2)
FN:35,(anonymous_3)
FNF:4
FNH:4
FNDA:8,(anonymous_0)
FNDA:4,(anonymous_1)
FNDA:15,(anonymous_2)
FNDA:4,(anonymous_3)
DA:7,4
DA:8,8
DA:9,8
DA:10,8
DA:11,8
DA:13,4
DA:16,4
DA:18,0
DA:22,4
DA:23,4
DA:24,4
DA:25,15
DA:26,15
DA:27,15
DA:28,11
DA:29,8
DA:30,4
DA:31,4
DA:35,4
DA:36,4
DA:37,4
DA:38,4
DA:39,4
LF:23
LH:22
BRDA:11,0,0,4
BRDA:11,0,1,4
BRDA:11,0,2,4
BRDA:11,0,3,0
BRDA:27,1,0,4
BRDA:27,1,1,11
BRDA:27,2,0,15
BRDA:27,2,1,12
BRDA:28,3,0,3
BRDA:28,3,1,8
BRDA:28,4,0,11
BRDA:28,4,1,3
BRDA:29,5,0,4
BRDA:29,5,1,4
BRDA:30,6,0,0
BRDA:30,6,1,4
BRDA:30,7,0,4
BRDA:30,7,1,0
BRDA:35,8,0,0
BRF:19
BRH:15
end_of_record
TN:
SF:src/formatters/index.js
FNF:0
FNH:0
LF:0
LH:0
BRF:0
BRH:0
end_of_record
TN:
SF:src/formatters/json.js
FN:1,(anonymous_0)
FN:1,(anonymous_1)
FN:18,(anonymous_2)
FNF:3
FNH:3
FNDA:2,(anonymous_0)
FNDA:5,(anonymous_1)
FNDA:2,(anonymous_2)
DA:1,4
DA:2,5
DA:4,2
DA:6,1
DA:8,0
DA:10,2
DA:12,0
DA:14,0
DA:18,4
LF:9
LH:6
BRDA:2,0,0,2
BRDA:2,0,1,1
BRDA:2,0,2,0
BRDA:2,0,3,2
BRDA:2,0,4,0
BRDA:2,0,5,0
BRF:6
BRH:3
end_of_record
TN:
SF:src/formatters/plain.js
FN:1,(anonymous_0)
FN:2,(anonymous_1)
FN:4,(anonymous_2)
FN:5,(anonymous_3)
FN:24,(anonymous_4)
FNF:5
FNH:5
FNDA:2,(anonymous_0)
FNDA:2,(anonymous_1)
FNDA:10,(anonymous_2)
FNDA:8,(anonymous_3)
FNDA:6,(anonymous_4)
DA:1,4
DA:2,2
DA:3,2
DA:4,10
DA:6,8
DA:7,8
DA:9,2
DA:11,4
DA:13,2
DA:15,0
DA:17,0
DA:24,2
DA:25,6
DA:26,6
DA:27,6
DA:30,2
LF:16
LH:14
BRDA:2,0,0,2
BRDA:6,1,0,0
BRDA:6,1,1,8
BRDA:7,2,0,2
BRDA:7,2,1,4
BRDA:7,2,2,2
BRDA:7,2,3,0
BRDA:7,2,4,0
BRDA:25,3,0,0
BRDA:25,3,1,6
BRDA:25,4,0,6
BRDA:25,4,1,0
BRDA:26,5,0,0
BRDA:26,5,1,6
BRF:14
BRH:8
end_of_record
TN:
SF:src/formatters/stylish.js
FN:1,(anonymous_0)
FN:2,(anonymous_1)
FNF:2
FNH:0
FNDA:0,(anonymous_0)
FNDA:0,(anonymous_1)
DA:1,4
DA:2,0
DA:3,0
DA:4,0
DA:6,0
DA:8,0
DA:10,0
DA:12,0
DA:14,0
DA:17,0
LF:10
LH:1
BRDA:4,0,0,0
BRDA:4,0,1,0
BRDA:4,0,2,0
BRDA:4,0,3,0
BRDA:4,0,4,0
BRF:5
BRH:0
end_of_record
