TN:
SF:src/genDiff.js
FN:8,(anonymous_0)
FN:18,(anonymous_1)
FN:24,(anonymous_2)
FNF:3
FNH:3
FNDA:2,(anonymous_0)
FNDA:1,(anonymous_1)
FNDA:3,(anonymous_2)
DA:8,1
DA:9,2
DA:10,2
DA:11,2
DA:13,2
DA:14,0
DA:18,1
DA:19,1
DA:20,1
DA:22,1
DA:24,1
DA:25,3
DA:26,3
DA:28,3
DA:29,2
DA:30,1
DA:33,1
DA:34,1
DA:36,0
DA:39,1
LF:20
LH:18
BRDA:13,0,0,2
BRDA:13,0,1,0
BRDA:28,1,0,2
BRDA:28,1,1,1
BRDA:28,2,0,3
BRDA:28,2,1,2
BRDA:29,3,0,1
BRDA:29,3,1,1
BRDA:33,4,0,0
BRDA:33,4,1,1
BRDA:34,5,0,1
BRDA:34,5,1,0
BRF:12
BRH:9
end_of_record
